[I 2026-05-15 22:18:24,608] Trial 16 finished with value: 977.8594900876735 and parameters: {'lambda_cong': 0.6991589366857164, 'lambda_frag': 0.45131840529090284, 'lambda_aff': 0.24739921592444045, 'lambda_task_load': 0.1342156894195521, 'alpha1_reuse': 0.1648094521853622, 'alpha2_future': 0.5796622681140332, 'alpha3_pull': 0.6601238173118031, 'alpha4_evict': 0.28966582265566454, 'greedy_load_factor': 1.0541840790320252}. Best is trial 14 with value: 974.3178107933122.
====================================================================================================
[TRIAL] 17
score = 1088.5102501114302
metrics = {
  "avg_objective": 1058.2751736111109,
  "avg_reuse_rate": 0.35275855236104975,
  "avg_downloaded_mb": 152410.75,
  "avg_ACT": 875.5039605034722,
  "avg_AMS": 1241.04638671875,
  "reuse_drop": 0.03056089196406747,
  "download_inc_ratio": 0.048219691075544385
}
params = {
  "lambda_cong": 0.7128504737047292,
  "lambda_frag": 0.4144359453948709,
  "lambda_aff": 0.25851086714880334,
  "lambda_task_load": 0.14681700487942098,
  "alpha1_reuse": 0.17345751665336817,
  "alpha2_future": 0.5733297083120328,
  "alpha3_pull": 0.6963688552520785,
  "alpha4_evict": 0.2863872294095741,
  "greedy_load_factor": 1.569912878256831
}
[I 2026-05-15 22:26:27,002] Trial 17 finished with value: 1088.5102501114302 and parameters: {'lambda_cong': 0.7128504737047292, 'lambda_frag': 0.4144359453948709, 'lambda_aff': 0.25851086714880334, 'lambda_task_load': 0.14681700487942098, 'alpha1_reuse': 0.17345751665336817, 'alpha2_future': 0.5733297083120328, 'alpha3_pull': 0.6963688552520785, 'alpha4_evict': 0.2863872294095741, 'greedy_load_factor': 1.569912878256831}. Best is trial 14 with value: 974.3178107933122.
====================================================================================================
[TRIAL] 18
score = 1285.356083178307
metrics = {
  "avg_objective": 1236.8518072916663,
  "avg_reuse_rate": 0.3335779256931564,
  "avg_downloaded_mb": 155954.5,
  "avg_ACT": 1222.3384778645832,
  "avg_AMS": 1251.36513671875,
  "reuse_drop": 0.0497415186319608,
  "download_inc_ratio": 0.07259217484226661
}
params = {
  "lambda_cong": 1.0313608510527859,
  "lambda_frag": 0.4460401278684867,
  "lambda_aff": 0.09457337649567092,
  "lambda_task_load": 0.044349440136618415,
  "alpha1_reuse": 0.15958236818338078,
  "alpha2_future": 0.39360549757921803,
  "alpha3_pull": 0.6225559329924019,
  "alpha4_evict": 0.24986364696793656,
  "greedy_load_factor": 2.020482842645821
}
[I 2026-05-15 22:34:41,541] Trial 18 finished with value: 1285.356083178307 and parameters: {'lambda_cong': 1.0313608510527859, 'lambda_frag': 0.4460401278684867, 'lambda_aff': 0.09457337649567092, 'lambda_task_load': 0.044349440136618415, 'alpha1_reuse': 0.15958236818338078, 'alpha2_future': 0.39360549757921803, 'alpha3_pull': 0.6225559329924019, 'alpha4_evict': 0.24986364696793656, 'greedy_load_factor': 2.020482842645821}. Best is trial 14 with value: 974.3178107933122.
====================================================================================================
[TRIAL] 19
score = 1074.9092220746636
metrics = {
  "avg_objective": 1041.9592645399307,
  "avg_reuse_rate": 0.3492457967029511,
  "avg_downloaded_mb": 152295.25,
  "avg_ACT": 842.6453845486112,
  "avg_AMS": 1241.27314453125,
  "reuse_drop": 0.03407364762216614,
  "download_inc_ratio": 0.04742532864166603
}
params = {
  "lambda_cong": 0.3986083999103817,
  "lambda_frag": 0.988795453896836,
  "lambda_aff": 0.2996741016717797,
  "lambda_task_load": 0.08412143747202852,
  "alpha1_reuse": 0.22264711842924204,
  "alpha2_future": 0.5884830347173473,
  "alpha3_pull": 0.46522514253041697,
  "alpha4_evict": 0.2551411536029791,
  "greedy_load_factor": 1.466790630723119
}
[I 2026-05-15 22:41:45,897] Trial 19 finished with value: 1074.9092220746636 and parameters: {'lambda_cong': 0.3986083999103817, 'lambda_frag': 0.988795453896836, 'lambda_aff': 0.2996741016717797, 'lambda_task_load': 0.08412143747202852, 'alpha1_reuse': 0.22264711842924204, 'alpha2_future': 0.5884830347173473, 'alpha3_pull': 0.46522514253041697, 'alpha4_evict': 0.2551411536029791, 'greedy_load_factor': 1.466790630723119}. Best is trial 14 with value: 974.3178107933122.
====================================================================================================
[TRIAL] 20
score = 1005.8763127889118
metrics = {
  "avg_objective": 965.7738906249999,
  "avg_reuse_rate": 0.34162590794027026,
  "avg_downloaded_mb": 153575.4375,
  "avg_ACT": 690.8373320312498,
  "avg_AMS": 1240.7104492187498,
  "reuse_drop": 0.04169353638484696,
  "download_inc_ratio": 0.05622994213361967
}
params = {
  "lambda_cong": 1.3967080323045666,
  "lambda_frag": 0.1944944666645361,
  "lambda_aff": 0.5283519811338341,
  "lambda_task_load": 0.12299917208236558,
  "alpha1_reuse": 0.32486599847894043,
  "alpha2_future": 0.606285889159726,
  "alpha3_pull": 0.6330500562127825,
  "alpha4_evict": 0.1886046633277552,
  "greedy_load_factor": 1.1719701126517739
}
[I 2026-05-15 22:49:40,696] Trial 20 finished with value: 1005.8763127889118 and parameters: {'lambda_cong': 1.3967080323045666, 'lambda_frag': 0.1944944666645361, 'lambda_aff': 0.5283519811338341, 'lambda_task_load': 0.12299917208236558, 'alpha1_reuse': 0.32486599847894043, 'alpha2_future': 0.606285889159726, 'alpha3_pull': 0.6330500562127825, 'alpha4_evict': 0.1886046633277552, 'greedy_load_factor': 1.1719701126517739}. Best is trial 14 with value: 974.3178107933122.
====================================================================================================
[BEST]
best_score = 974.3178107933122
best_params =
{
  "lambda_cong": 0.4629027034843985,
  "lambda_frag": 0.162114766276413,
  "lambda_aff": 0.18148133442494854,
  "lambda_task_load": 0.12149332220053617,
  "alpha1_reuse": 0.05723491391567358,
  "alpha2_future": 0.6943547642808352,
  "alpha3_pull": 0.5593049441300355,
  "alpha4_evict": 0.206495256842529,
  "greedy_load_factor": 1.0723256636125305
}
[OK] wrote results/drtp/optuna/fg_online_norm_objfocus_fast16_runs/best_params.json
