[I 2026-05-15 22:22:26,040] Trial 16 finished with value: 1078.8010631953762 and parameters: {'lambda_cong': 0.4793104676785549, 'lambda_frag': 0.4523264730661589, 'lambda_aff': 0.3152361205616598, 'lambda_task_load': 0.09607389148419937, 'alpha1_reuse': 0.42301499717593904, 'alpha2_future': 0.2834553821162226, 'alpha3_pull': 0.5246470533151599, 'alpha4_evict': 0.12289494931842371, 'greedy_load_factor': 1.3168509935222343}. Best is trial 2 with value: 976.3631504344195.
====================================================================================================
[TRIAL] 17
score = 1465.8378173598555
metrics = {
  "avg_objective": 1005.6233726128471,
  "avg_reuse_rate": 0.1307881525568923,
  "avg_downloaded_mb": 204590.0,
  "avg_ACT": 674.567806423611,
  "avg_AMS": 1336.678938802083,
  "reuse_drop": 0.2525312917682249,
  "download_inc_ratio": 0.4070875354733549
}
params = {
  "lambda_cong": 0.2952600976279022,
  "lambda_frag": 0.02006361646770356,
  "lambda_aff": 0.4568719198738686,
  "lambda_task_load": 0.040594754851135555,
  "alpha1_reuse": 0.5863596912923421,
  "alpha2_future": 0.14686249168402316,
  "alpha3_pull": 0.3242896410706331,
  "alpha4_evict": 0.24515837489183084,
  "greedy_load_factor": 1.6548254363294261
}
[I 2026-05-15 22:35:03,245] Trial 17 finished with value: 1465.8378173598555 and parameters: {'lambda_cong': 0.2952600976279022, 'lambda_frag': 0.02006361646770356, 'lambda_aff': 0.4568719198738686, 'lambda_task_load': 0.040594754851135555, 'alpha1_reuse': 0.5863596912923421, 'alpha2_future': 0.14686249168402316, 'alpha3_pull': 0.3242896410706331, 'alpha4_evict': 0.24515837489183084, 'greedy_load_factor': 1.6548254363294261}. Best is trial 2 with value: 976.3631504344195.
====================================================================================================
[TRIAL] 18
score = 992.5883994211669
metrics = {
  "avg_objective": 978.7004889322918,
  "avg_reuse_rate": 0.3752911247788277,
  "avg_downloaded_mb": 146741.25,
  "avg_ACT": 727.0547864583335,
  "avg_AMS": 1230.3461914062502,
  "reuse_drop": 0.00802831954628952,
  "download_inc_ratio": 0.00922715584720387
}
params = {
  "lambda_cong": 0.5060626243084126,
  "lambda_frag": 0.06622320792263953,
  "lambda_aff": 0.16003163459230568,
  "lambda_task_load": 0.15986862091230455,
  "alpha1_reuse": 0.5621210055011296,
  "alpha2_future": 0.49071523235994785,
  "alpha3_pull": 0.4551173044720386,
  "alpha4_evict": 0.035963677581213466,
  "greedy_load_factor": 1.3268996715203247
}
[I 2026-05-15 22:43:09,159] Trial 18 finished with value: 992.5883994211669 and parameters: {'lambda_cong': 0.5060626243084126, 'lambda_frag': 0.06622320792263953, 'lambda_aff': 0.16003163459230568, 'lambda_task_load': 0.15986862091230455, 'alpha1_reuse': 0.5621210055011296, 'alpha2_future': 0.49071523235994785, 'alpha3_pull': 0.4551173044720386, 'alpha4_evict': 0.035963677581213466, 'greedy_load_factor': 1.3268996715203247}. Best is trial 2 with value: 976.3631504344195.
====================================================================================================
[TRIAL] 19
score = 1363.7885461347628
metrics = {
  "avg_objective": 1260.1351167534722,
  "avg_reuse_rate": 0.32551813861563483,
  "avg_downloaded_mb": 157723.3125,
  "avg_ACT": 1262.2893415798608,
  "avg_AMS": 1257.9808919270833,
  "reuse_drop": 0.05780130570948239,
  "download_inc_ratio": 0.0847573540853355
}
params = {
  "lambda_cong": 0.24984914864627522,
  "lambda_frag": 0.359132335427799,
  "lambda_aff": 0.264576552206728,
  "lambda_task_load": 0.10228535504514438,
  "alpha1_reuse": 0.41870743332045324,
  "alpha2_future": 0.32906180102771193,
  "alpha3_pull": 0.5836223374603453,
  "alpha4_evict": 0.20711828221304687,
  "greedy_load_factor": 2.1468599657165477
}
[I 2026-05-15 22:51:35,576] Trial 19 finished with value: 1363.7885461347628 and parameters: {'lambda_cong': 0.24984914864627522, 'lambda_frag': 0.359132335427799, 'lambda_aff': 0.264576552206728, 'lambda_task_load': 0.10228535504514438, 'alpha1_reuse': 0.41870743332045324, 'alpha2_future': 0.32906180102771193, 'alpha3_pull': 0.5836223374603453, 'alpha4_evict': 0.20711828221304687, 'greedy_load_factor': 2.1468599657165477}. Best is trial 2 with value: 976.3631504344195.
====================================================================================================
[TRIAL] 20
score = 1009.5521529963047
metrics = {
  "avg_objective": 962.9710859375001,
  "avg_reuse_rate": 0.3571803022539689,
  "avg_downloaded_mb": 150759.3125,
  "avg_ACT": 690.9618658854166,
  "avg_AMS": 1234.9803059895837,
  "reuse_drop": 0.026139142071148314,
  "download_inc_ratio": 0.03686176976041032
}
params = {
  "lambda_cong": 0.4038261334022114,
  "lambda_frag": 0.02221485939750837,
  "lambda_aff": 0.11555847548827337,
  "lambda_task_load": 0.12408817692869702,
  "alpha1_reuse": 0.5321271712128697,
  "alpha2_future": 0.18131002259232198,
  "alpha3_pull": 0.22946528041265354,
  "alpha4_evict": 0.13147093091925735,
  "greedy_load_factor": 1.1624202271827349
}
[I 2026-05-15 23:00:32,390] Trial 20 finished with value: 1009.5521529963047 and parameters: {'lambda_cong': 0.4038261334022114, 'lambda_frag': 0.02221485939750837, 'lambda_aff': 0.11555847548827337, 'lambda_task_load': 0.12408817692869702, 'alpha1_reuse': 0.5321271712128697, 'alpha2_future': 0.18131002259232198, 'alpha3_pull': 0.22946528041265354, 'alpha4_evict': 0.13147093091925735, 'greedy_load_factor': 1.1624202271827349}. Best is trial 2 with value: 976.3631504344195.
====================================================================================================
[BEST]
best_score = 976.3631504344195
best_params =
{
  "lambda_cong": 0.3363711263929212,
  "lambda_frag": 0.015083169859921206,
  "lambda_aff": 0.2647843131409252,
  "lambda_task_load": 0.1546769021394696,
  "alpha1_reuse": 0.49337452237350254,
  "alpha2_future": 0.6103918616249673,
  "alpha3_pull": 0.34499924763016665,
  "alpha4_evict": 0.17083198845819506,
  "greedy_load_factor": 1.0576446069894745
}
[OK] wrote results/drtp/optuna/fg_online_norm_constrained_fast16_runs/best_params.json
